#
# There is insufficient memory for the Java Runtime Environment to continue.
# Native memory allocation (mmap) failed to map 127926272 bytes for G1 virtual space
# Possible reasons:
#   The system is out of physical RAM or swap space
#   The process is running with CompressedOops enabled, and the Java Heap may be blocking the growth of the native heap
# Possible solutions:
#   Reduce memory load on the system
#   Increase physical memory or swap space
#   Check if swap backing store is full
#   Decrease Java heap size (-Xmx/-Xms)
#   Decrease number of Java threads
#   Decrease Java thread stack sizes (-Xss)
#   Set larger code cache with -XX:ReservedCodeCacheSize=
#   JVM is running with Unscaled Compressed Oops mode in which the Java heap is
#     placed in the first 4GB address space. The Java Heap base address is the
#     maximum limit for the native heap growth. Please use -XX:HeapBaseMinAddress
#     to set the Java Heap base and to place the Java Heap above 4GB virtual address.
# This output file may be truncated or incomplete.
#
#  Out of Memory Error (os_windows.cpp:3466), pid=9828, tid=4584
#
# JRE version:  (16.0.2+7) (build )
# Java VM: OpenJDK 64-Bit Server VM (16.0.2+7-67, mixed mode, sharing, tiered, compressed oops, compressed class ptrs, g1 gc, windows-amd64)
# No core dump will be written. Minidumps are not enabled by default on client versions of Windows
#

---------------  S U M M A R Y ------------

Command Line: -Dfile.encoding=UTF-8 -XX:+ShowCodeDetailsInExceptionMessages com.todo.Main

Host: Intel(R) Core(TM) i5-1035G7 CPU @ 1.20GHz, 8 cores, 7G,  Windows 10 , 64 bit Build 19041 (10.0.19041.1202)
Time: Fri Sep 24 13:34:28 2021  Windows 10 , 64 bit Build 19041 (10.0.19041.1202) elapsed time: 0.028105 seconds (0d 0h 0m 0s)

---------------  T H R E A D  ---------------

Current thread (0x00000292a4e0dfc0):  JavaThread "Unknown thread" [_thread_in_vm, id=4584, stack(0x000000d804a00000,0x000000d804b00000)]

Stack: [0x000000d804a00000,0x000000d804b00000]
Native frames: (J=compiled Java code, j=interpreted, Vv=VM code, C=native code)
V  [jvm.dll+0x6681ca]
V  [jvm.dll+0x7c9e69]
V  [jvm.dll+0x7cb61e]
V  [jvm.dll+0x7cbc73]
V  [jvm.dll+0x242c55]
V  [jvm.dll+0x664f89]
V  [jvm.dll+0x659b75]
V  [jvm.dll+0x2fbfbb]
V  [jvm.dll+0x3031b6]
V  [jvm.dll+0x35299e]
V  [jvm.dll+0x352bcf]
V  [jvm.dll+0x2d3028]
V  [jvm.dll+0x2d4264]
V  [jvm.dll+0x79c741]
V  [jvm.dll+0x360791]
V  [jvm.dll+0x77a3f0]
V  [jvm.dll+0x3e4e8f]
V  [jvm.dll+0x3e6961]
C  [jli.dll+0x52fb]
C  [ucrtbase.dll+0x21bb2]
C  [KERNEL32.DLL+0x17034]
C  [ntdll.dll+0x52651]


---------------  P R O C E S S  ---------------

Threads class SMR info:
_java_thread_list=0x00007ff8ffbacbb8, length=0, elements={
}

Java Threads: ( => current thread )

Other Threads:
  0x00000292a6f6b610 GCTaskThread "GC Thread#0" [stack: 0x000000d804b00000,0x000000d804c00000] [id=4264]
  0x00000292a6f80100 ConcurrentGCThread "G1 Main Marker" [stack: 0x000000d804c00000,0x000000d804d00000] [id=7660]
  0x00000292a6f80a90 ConcurrentGCThread "G1 Conc#0" [stack: 0x000000d804d00000,0x000000d804e00000] [id=19980]

[error occurred during error reporting (printing all threads), id 0xc0000005, EXCEPTION_ACCESS_VIOLATION (0xc0000005) at pc=0x00007ff8ff383ee7]

VM state: not at safepoint (not fully initialized)

VM Mutex/Monitor currently owned by a thread:  ([mutex/lock_event])
[0x00000292a4e0a740] Heap_lock - owner thread: 0x00000292a4e0dfc0

Heap address: 0x0000000086600000, size: 1946 MB, Compressed Oops mode: 32-bit

CDS archive(s) mapped at: [0x0000000000000000-0x0000000000000000-0x0000000000000000), size 0, SharedBaseAddress: 0x0000000800000000, ArchiveRelocationMode: 0.
Narrow klass base: 0x0000000000000000, Narrow klass shift: 0, Narrow klass range: 0x0

GC Precious Log:
<Empty>

Heap:
 garbage-first heap   total 0K, used 0K [0x0000000086600000, 0x0000000100000000)
  region size 1024K, 0 young (0K), 0 survivors (0K)

[error occurred during error reporting (printing heap information), id 0xc0000005, EXCEPTION_ACCESS_VIOLATION (0xc0000005) at pc=0x00007ff8ff761eed]

GC Heap History (0 events):
No events

Deoptimization events (0 events):
No events

Classes unloaded (0 events):
No events

Classes redefined (0 events):
No events

Internal exceptions (0 events):
No events

Events (1 events):
Event: 0.019 Loaded shared library C:\Users\vldrj\OneDrive\πŸ≈¡ »≠∏È\Spring tool\sts-4.11.1.RELEASE\plugins\org.eclipse.justj.openjdk.hotspot.jre.full.win32.x86_64_16.0.2.v20210721-1149\jre\bin\java.dll


Dynamic libraries:
0x00007ff681c80000 - 0x00007ff681c8e000 	C:\Users\vldrj\OneDrive\πŸ≈¡ »≠∏È\Spring tool\sts-4.11.1.RELEASE\plugins\org.eclipse.justj.openjdk.hotspot.jre.full.win32.x86_64_16.0.2.v20210721-1149\jre\bin\javaw.exe
0x00007ff993690000 - 0x00007ff993885000 	C:\WINDOWS\SYSTEM32\ntdll.dll
0x00007ff9923c0000 - 0x00007ff99247e000 	C:\WINDOWS\System32\KERNEL32.DLL
0x00007ff990ee0000 - 0x00007ff9911a9000 	C:\WINDOWS\System32\KERNELBASE.dll
0x00007ff9913c0000 - 0x00007ff9914c0000 	C:\WINDOWS\System32\ucrtbase.dll
0x00007ff980960000 - 0x00007ff980979000 	C:\Users\vldrj\OneDrive\πŸ≈¡ »≠∏È\Spring tool\sts-4.11.1.RELEASE\plugins\org.eclipse.justj.openjdk.hotspot.jre.full.win32.x86_64_16.0.2.v20210721-1149\jre\bin\VCRUNTIME140.dll
0x00007ff9873e0000 - 0x00007ff9873f8000 	C:\Users\vldrj\OneDrive\πŸ≈¡ »≠∏È\Spring tool\sts-4.11.1.RELEASE\plugins\org.eclipse.justj.openjdk.hotspot.jre.full.win32.x86_64_16.0.2.v20210721-1149\jre\bin\jli.dll
0x00007ff993030000 - 0x00007ff9931d1000 	C:\WINDOWS\System32\USER32.dll
0x00007ff990db0000 - 0x00007ff990dd2000 	C:\WINDOWS\System32\win32u.dll
0x00007ff991bb0000 - 0x00007ff991bdb000 	C:\WINDOWS\System32\GDI32.dll
0x00007ff9912b0000 - 0x00007ff9913bb000 	C:\WINDOWS\System32\gdi32full.dll
0x00007ff991210000 - 0x00007ff9912ad000 	C:\WINDOWS\System32\msvcp_win.dll
0x00007ff984290000 - 0x00007ff98452a000 	C:\WINDOWS\WinSxS\amd64_microsoft.windows.common-controls_6595b64144ccf1df_6.0.19041.1110_none_60b5254171f9507e\COMCTL32.dll
0x00007ff9925c0000 - 0x00007ff99265e000 	C:\WINDOWS\System32\msvcrt.dll
0x00007ff9933c0000 - 0x00007ff9933f0000 	C:\WINDOWS\System32\IMM32.DLL
0x00007ff987d80000 - 0x00007ff987d8c000 	C:\Users\vldrj\OneDrive\πŸ≈¡ »≠∏È\Spring tool\sts-4.11.1.RELEASE\plugins\org.eclipse.justj.openjdk.hotspot.jre.full.win32.x86_64_16.0.2.v20210721-1149\jre\bin\vcruntime140_1.dll
0x00007ff97dda0000 - 0x00007ff97de31000 	C:\Users\vldrj\OneDrive\πŸ≈¡ »≠∏È\Spring tool\sts-4.11.1.RELEASE\plugins\org.eclipse.justj.openjdk.hotspot.jre.full.win32.x86_64_16.0.2.v20210721-1149\jre\bin\msvcp140.dll
0x00007ff8ff0a0000 - 0x00007ff8ffc4b000 	C:\Users\vldrj\OneDrive\πŸ≈¡ »≠∏È\Spring tool\sts-4.11.1.RELEASE\plugins\org.eclipse.justj.openjdk.hotspot.jre.full.win32.x86_64_16.0.2.v20210721-1149\jre\bin\server\jvm.dll
0x00007ff993270000 - 0x00007ff99331c000 	C:\WINDOWS\System32\ADVAPI32.dll
0x00007ff991be0000 - 0x00007ff991c7b000 	C:\WINDOWS\System32\sechost.dll
0x00007ff991880000 - 0x00007ff9919aa000 	C:\WINDOWS\System32\RPCRT4.dll
0x00007ff9916e0000 - 0x00007ff9916e8000 	C:\WINDOWS\System32\PSAPI.DLL
0x00007ff986e10000 - 0x00007ff986e1a000 	C:\WINDOWS\SYSTEM32\VERSION.dll
0x00007ff987730000 - 0x00007ff987739000 	C:\WINDOWS\SYSTEM32\WSOCK32.dll
0x00007ff97b430000 - 0x00007ff97b457000 	C:\WINDOWS\SYSTEM32\WINMM.dll
0x00007ff992c60000 - 0x00007ff992ccb000 	C:\WINDOWS\System32\WS2_32.dll
0x00007ff98f680000 - 0x00007ff98f692000 	C:\WINDOWS\SYSTEM32\kernel.appcore.dll
0x00007ff987710000 - 0x00007ff98771a000 	C:\Users\vldrj\OneDrive\πŸ≈¡ »≠∏È\Spring tool\sts-4.11.1.RELEASE\plugins\org.eclipse.justj.openjdk.hotspot.jre.full.win32.x86_64_16.0.2.v20210721-1149\jre\bin\jimage.dll
0x00007ff98ec40000 - 0x00007ff98ee24000 	C:\WINDOWS\SYSTEM32\DBGHELP.DLL
0x00007ff987140000 - 0x00007ff98716c000 	C:\WINDOWS\SYSTEM32\dbgcore.DLL
0x00007ff9914f0000 - 0x00007ff991573000 	C:\WINDOWS\System32\bcryptPrimitives.dll
0x00007ff97e9f0000 - 0x00007ff97ea15000 	C:\Users\vldrj\OneDrive\πŸ≈¡ »≠∏È\Spring tool\sts-4.11.1.RELEASE\plugins\org.eclipse.justj.openjdk.hotspot.jre.full.win32.x86_64_16.0.2.v20210721-1149\jre\bin\java.dll

dbghelp: loaded successfully - version: 4.0.5 - missing functions: none
symbol engine: initialized successfully - sym options: 0x614 - pdb path: .;C:\Users\vldrj\OneDrive\πŸ≈¡ »≠∏È\Spring tool\sts-4.11.1.RELEASE\plugins\org.eclipse.justj.openjdk.hotspot.jre.full.win32.x86_64_16.0.2.v20210721-1149\jre\bin;C:\WINDOWS\SYSTEM32;C:\WINDOWS\WinSxS\amd64_microsoft.windows.common-controls_6595b64144ccf1df_6.0.19041.1110_none_60b5254171f9507e;C:\Users\vldrj\OneDrive\πŸ≈¡ »≠∏È\Spring tool\sts-4.11.1.RELEASE\plugins\org.eclipse.justj.openjdk.hotspot.jre.full.win32.x86_64_16.0.2.v20210721-1149\jre\bi;C:\Users\vldrj\OneDrive\πŸ≈¡ »≠∏È\Spring tool\sts-4.11.1.RELEASE\plugins\org.eclipse.justj.openjdk.hotspot.jre.full.win32.x86_64_16.0.2.v20210721-1149\jr

VM Arguments:
jvm_args: -Dfile.encoding=UTF-8 -XX:+ShowCodeDetailsInExceptionMessages 
java_command: com.todo.Main
java_class_path (initial): C:\Users\vldrj\git\TodoListApp\target\classes
Launcher Type: SUN_STANDARD

[Global flags]
     intx CICompilerCount                          = 4                                         {product} {ergonomic}
     uint ConcGCThreads                            = 2                                         {product} {ergonomic}
     uint G1ConcRefinementThreads                  = 8                                         {product} {ergonomic}
   size_t G1HeapRegionSize                         = 1048576                                   {product} {ergonomic}
    uintx GCDrainStackTargetSize                   = 64                                        {product} {ergonomic}
   size_t InitialHeapSize                          = 127926272                                 {product} {ergonomic}
   size_t MarkStackSize                            = 4194304                                   {product} {ergonomic}
   size_t MaxHeapSize                              = 2040528896                                {product} {ergonomic}
   size_t MinHeapDeltaBytes                        = 1048576                                   {product} {ergonomic}
   size_t MinHeapSize                              = 8388608                                   {product} {ergonomic}
    uintx NonNMethodCodeHeapSize                   = 5839372                                {pd product} {ergonomic}
    uintx NonProfiledCodeHeapSize                  = 122909434                              {pd product} {ergonomic}
    uintx ProfiledCodeHeapSize                     = 122909434                              {pd product} {ergonomic}
    uintx ReservedCodeCacheSize                    = 251658240                              {pd product} {ergonomic}
     bool SegmentedCodeCache                       = true                                      {product} {ergonomic}
     bool ShowCodeDetailsInExceptionMessages       = true                                   {manageable} {command line}
   size_t SoftMaxHeapSize                          = 2040528896                             {manageable} {ergonomic}
     bool UseCompressedClassPointers               = true                           {product lp64_product} {ergonomic}
     bool UseCompressedOops                        = true                           {product lp64_product} {ergonomic}
     bool UseG1GC                                  = true                                      {product} {ergonomic}
     bool UseLargePagesIndividualAllocation        = false                                  {pd product} {ergonomic}

Logging:
Log output configuration:
 #0: stdout all=warning uptime,level,tags
 #1: stderr all=off uptime,level,tags

Environment Variables:
JAVA_HOME=C:\Java\jdk11.0.12_7
PATH=C:/Users/vldrj/OneDrive/πŸ≈¡ »≠∏È/Spring tool/sts-4.11.1.RELEASE//plugins/org.eclipse.justj.openjdk.hotspot.jre.full.win32.x86_64_16.0.2.v20210721-1149/jre/bin/server;C:/Users/vldrj/OneDrive/πŸ≈¡ »≠∏È/Spring tool/sts-4.11.1.RELEASE//plugins/org.eclipse.justj.openjdk.hotspot.jre.full.win32.x86_64_16.0.2.v20210721-1149/jre/bin;C:\Program Files (x86)\Amazon Corretto\jdk11.0.12_7\bin;C:\Program Files\Amazon Corretto\jdk16.0.2_7\bin;C:\Program Files (x86)\Common Files\Oracle\Java\javapath;C:\Program Files\Common Files\Oracle\Java\javapath;C:\WINDOWS\system32;C:\WINDOWS;C:\WINDOWS\System32\Wbem;C:\WINDOWS\System32\WindowsPowerShell\v1.0\;C:\WINDOWS\System32\OpenSSH\;C:\Program Files\PuTTY\;C:\Program Files\Git\cmd;C:\Java\jdk11.0.12_7\bin\;C:\Users\vldrj\AppData\Local\Programs\Python\Python39\Scripts\;C:\Users\vldrj\AppData\Local\Programs\Python\Python39\;C:\Ruby27-x64\bin;C:\Users\vldrj\AppData\Local\Microsoft\WindowsApps;C:\Program Files\Java\jdk-15.0.1\bin;C:\Users\vldrj\AppData\Local\Programs\Microsoft VS Code\bin;C:\Program Files\mingw-w64\x86_64-8.1.0-posix-seh-rt_v6-rev0\mingw64\bin;C:\Users\vldrj\AppData\Local\Microsoft\WindowsApps;C:\Program Files (x86)\Nmap;C:\Program Files (x86)\mingw64\bin;C:\Program Files\Bandizip\;C:\Users\vldrj\OneDrive\πŸ≈¡ »≠∏È\Spring tool\sts-4.11.1.RELEASE;
USERNAME=vldrj
OS=Windows_NT
PROCESSOR_IDENTIFIER=Intel64 Family 6 Model 126 Stepping 5, GenuineIntel



---------------  S Y S T E M  ---------------

OS:
 Windows 10 , 64 bit Build 19041 (10.0.19041.1202)
OS uptime: 5 days 16:11 hours

CPU: total 8 (initial active 8) (4 cores per cpu, 2 threads per core) family 6 model 126 stepping 5 microcode 0xa6, cx8, cmov, fxsr, ht, mmx, 3dnowpref, sse, sse2, sse3, ssse3, sse4.1, sse4.2, popcnt, lzcnt, tsc, tscinvbit, avx, avx2, aes, erms, clmul, bmi1, bmi2, adx, avx512f, avx512dq, avx512cd, avx512bw, avx512vl, sha, fma, vzeroupper, avx512_vpopcntdq, avx512_vpclmulqdq, avx512_vaes, avx512_vnni, clflush, clflushopt, avx512_vmbi2, avx512_vmbi

Memory: 4k page, system-wide physical 7778M (1266M free)
TotalPageFile size 22882M (AvailPageFile size 39M)
current process WorkingSet (physical memory assigned to process): 10M, peak: 10M
current process commit charge ("private bytes"): 59M, peak: 181M

vm_info: OpenJDK 64-Bit Server VM (16.0.2+7-67) for windows-amd64 JRE (16.0.2+7-67), built on Jun  8 2021 23:21:43 by "mach5one" with MS VC++ 16.7 (VS2019)

END.
